This file contains any messages produced by compilers while
running configure, to aid debugging if configure makes a mistake.

It was created by glfs-test configure 0.1, which was
generated by GNU Autoconf 2.69.  Invocation command line was

  $ ./configure 

## --------- ##
## Platform. ##
## --------- ##

hostname = build
uname -m = x86_64
uname -r = 3.8.11-200.fc18.x86_64
uname -s = Linux
uname -v = #1 SMP Wed May 1 19:44:27 UTC 2013

/usr/bin/uname -p = x86_64
/bin/uname -X     = unknown

/bin/arch              = x86_64
/usr/bin/arch -k       = unknown
/usr/convex/getsysinfo = unknown
/usr/bin/hostinfo      = unknown
/bin/machine           = unknown
/usr/bin/oslevel       = unknown
/bin/universe          = unknown

PATH: /root/scripts
PATH: /usr/local/sbin
PATH: /usr/local/bin
PATH: /usr/sbin
PATH: /usr/bin
PATH: /root/bin


## ----------- ##
## Core tests. ##
## ----------- ##

configure:1842: checking for a BSD-compatible install
configure:1910: result: /usr/bin/install -c
configure:1921: checking whether build environment is sane
configure:1976: result: yes
configure:2127: checking for a thread-safe mkdir -p
configure:2166: result: /usr/bin/mkdir -p
configure:2173: checking for gawk
configure:2189: found /usr/bin/gawk
configure:2200: result: gawk
configure:2211: checking whether make sets $(MAKE)
configure:2233: result: yes
configure:2371: checking for gcc
configure:2387: found /usr/bin/gcc
configure:2398: result: gcc
configure:2627: checking for C compiler version
configure:2636: gcc --version >&5
gcc (GCC) 4.7.2 20121109 (Red Hat 4.7.2-8)
Copyright (C) 2012 Free Software Foundation, Inc.
This is free software; see the source for copying conditions.  There is NO
warranty; not even for MERCHANTABILITY or FITNESS FOR A PARTICULAR PURPOSE.

configure:2647: $? = 0
configure:2636: gcc -v >&5
Using built-in specs.
COLLECT_GCC=gcc
COLLECT_LTO_WRAPPER=/usr/libexec/gcc/x86_64-redhat-linux/4.7.2/lto-wrapper
Target: x86_64-redhat-linux
Configured with: ../configure --prefix=/usr --mandir=/usr/share/man --infodir=/usr/share/info --with-bugurl=http://bugzilla.redhat.com/bugzilla --enable-bootstrap --enable-shared --enable-threads=posix --enable-checking=release --disable-build-with-cxx --disable-build-poststage1-with-cxx --with-system-zlib --enable-__cxa_atexit --disable-libunwind-exceptions --enable-gnu-unique-object --enable-linker-build-id --with-linker-hash-style=gnu --enable-languages=c,c++,objc,obj-c++,java,fortran,ada,go,lto --enable-plugin --enable-initfini-array --enable-java-awt=gtk --disable-dssi --with-java-home=/usr/lib/jvm/java-1.5.0-gcj-1.5.0.0/jre --enable-libgcj-multifile --enable-java-maintainer-mode --with-ecj-jar=/usr/share/java/eclipse-ecj.jar --disable-libjava-multilib --with-ppl --with-cloog --with-tune=generic --with-arch_32=i686 --build=x86_64-redhat-linux
Thread model: posix
gcc version 4.7.2 20121109 (Red Hat 4.7.2-8) (GCC) 
configure:2647: $? = 0
configure:2636: gcc -V >&5
gcc: error: unrecognized command line option '-V'
gcc: fatal error: no input files
compilation terminated.
configure:2647: $? = 4
configure:2636: gcc -qversion >&5
gcc: error: unrecognized command line option '-qversion'
gcc: fatal error: no input files
compilation terminated.
configure:2647: $? = 4
configure:2667: checking whether the C compiler works
configure:2689: gcc    conftest.c  >&5
configure:2693: $? = 0
configure:2741: result: yes
configure:2744: checking for C compiler default output file name
configure:2746: result: a.out
configure:2752: checking for suffix of executables
configure:2759: gcc -o conftest    conftest.c  >&5
configure:2763: $? = 0
configure:2785: result: 
configure:2807: checking whether we are cross compiling
configure:2815: gcc -o conftest    conftest.c  >&5
configure:2819: $? = 0
configure:2826: ./conftest
configure:2830: $? = 0
configure:2845: result: no
configure:2850: checking for suffix of object files
configure:2872: gcc -c   conftest.c >&5
configure:2876: $? = 0
configure:2897: result: o
configure:2901: checking whether we are using the GNU C compiler
configure:2920: gcc -c   conftest.c >&5
configure:2920: $? = 0
configure:2929: result: yes
configure:2938: checking whether gcc accepts -g
configure:2958: gcc -c -g  conftest.c >&5
configure:2958: $? = 0
configure:2999: result: yes
configure:3016: checking for gcc option to accept ISO C89
configure:3079: gcc  -c -g -O2  conftest.c >&5
configure:3079: $? = 0
configure:3092: result: none needed
configure:3123: checking for style of include used by make
configure:3151: result: GNU
configure:3177: checking dependency style of gcc
configure:3288: result: gcc3
configure:3358: checking for pkg-config
configure:3376: found /usr/bin/pkg-config
configure:3388: result: /usr/bin/pkg-config
configure:3413: checking pkg-config is at least version 0.9.0
configure:3416: result: yes
configure:3426: checking for GLFS
configure:3433: $PKG_CONFIG --exists --print-errors "glusterfs-api >= 3"
configure:3436: $? = 0
configure:3450: $PKG_CONFIG --exists --print-errors "glusterfs-api >= 3"
configure:3453: $? = 0
configure:3511: result: yes
configure:3661: checking that generated files are newer than configure
configure:3667: result: done
configure:3690: creating ./config.status

## ---------------------- ##
## Running config.status. ##
## ---------------------- ##

This file was extended by glfs-test config.status 0.1, which was
generated by GNU Autoconf 2.69.  Invocation command line was

  CONFIG_FILES    = 
  CONFIG_HEADERS  = 
  CONFIG_LINKS    = 
  CONFIG_COMMANDS = 
  $ ./config.status 

on build

config.status:773: creating Makefile
config.status:945: executing depfiles commands

## ---------------- ##
## Cache variables. ##
## ---------------- ##

ac_cv_c_compiler_gnu=yes
ac_cv_env_CC_set=
ac_cv_env_CC_value=
ac_cv_env_CFLAGS_set=
ac_cv_env_CFLAGS_value=
ac_cv_env_CPPFLAGS_set=
ac_cv_env_CPPFLAGS_value=
ac_cv_env_GLFS_CFLAGS_set=
ac_cv_env_GLFS_CFLAGS_value=
ac_cv_env_GLFS_LIBS_set=
ac_cv_env_GLFS_LIBS_value=
ac_cv_env_LDFLAGS_set=
ac_cv_env_LDFLAGS_value=
ac_cv_env_LIBS_set=
ac_cv_env_LIBS_value=
ac_cv_env_PKG_CONFIG_LIBDIR_set=
ac_cv_env_PKG_CONFIG_LIBDIR_value=
ac_cv_env_PKG_CONFIG_PATH_set=
ac_cv_env_PKG_CONFIG_PATH_value=
ac_cv_env_PKG_CONFIG_set=
ac_cv_env_PKG_CONFIG_value=
ac_cv_env_build_alias_set=
ac_cv_env_build_alias_value=
ac_cv_env_host_alias_set=
ac_cv_env_host_alias_value=
ac_cv_env_target_alias_set=
ac_cv_env_target_alias_value=
ac_cv_objext=o
ac_cv_path_ac_pt_PKG_CONFIG=/usr/bin/pkg-config
ac_cv_path_install='/usr/bin/install -c'
ac_cv_path_mkdir=/usr/bin/mkdir
ac_cv_prog_AWK=gawk
ac_cv_prog_ac_ct_CC=gcc
ac_cv_prog_cc_c89=
ac_cv_prog_cc_g=yes
ac_cv_prog_make_make_set=yes
am_cv_CC_dependencies_compiler_type=gcc3
pkg_cv_GLFS_CFLAGS='-D_FILE_OFFSET_BITS=64 -D__USE_FILE_OFFSET64 -I/usr/include/glusterfs  '
pkg_cv_GLFS_LIBS='-Wl,-R/usr/lib -lgfapi -lglusterfs -lgfrpc -lgfxdr  '

## ----------------- ##
## Output variables. ##
## ----------------- ##

ACLOCAL='${SHELL} /root/dev/git/glusterfs-hpi/src/main/swig/api/examples/missing --run aclocal-1.12'
AMDEPBACKSLASH='\'
AMDEP_FALSE='#'
AMDEP_TRUE=''
AMTAR='$${TAR-tar}'
AUTOCONF='${SHELL} /root/dev/git/glusterfs-hpi/src/main/swig/api/examples/missing --run autoconf'
AUTOHEADER='${SHELL} /root/dev/git/glusterfs-hpi/src/main/swig/api/examples/missing --run autoheader'
AUTOMAKE='${SHELL} /root/dev/git/glusterfs-hpi/src/main/swig/api/examples/missing --run automake-1.12'
AWK='gawk'
CC='gcc'
CCDEPMODE='depmode=gcc3'
CFLAGS='-g -O2'
CPPFLAGS=''
CYGPATH_W='echo'
DEFS='-DPACKAGE_NAME=\"glfs-test\" -DPACKAGE_TARNAME=\"glfs-test\" -DPACKAGE_VERSION=\"0.1\" -DPACKAGE_STRING=\"glfs-test\ 0.1\" -DPACKAGE_BUGREPORT=\"gluster-devel@nongu.org\" -DPACKAGE_URL=\"\" -DPACKAGE=\"glfs-test\" -DVERSION=\"0.1\"'
DEPDIR='.deps'
ECHO_C=''
ECHO_N='-n'
ECHO_T=''
EXEEXT=''
GLFS_CFLAGS='-D_FILE_OFFSET_BITS=64 -D__USE_FILE_OFFSET64 -I/usr/include/glusterfs  '
GLFS_LIBS='-Wl,-R/usr/lib -lgfapi -lglusterfs -lgfrpc -lgfxdr  '
INSTALL_DATA='${INSTALL} -m 644'
INSTALL_PROGRAM='${INSTALL}'
INSTALL_SCRIPT='${INSTALL}'
INSTALL_STRIP_PROGRAM='$(install_sh) -c -s'
LDFLAGS=''
LIBOBJS=''
LIBS=''
LTLIBOBJS=''
MAKEINFO='${SHELL} /root/dev/git/glusterfs-hpi/src/main/swig/api/examples/missing --run makeinfo'
MKDIR_P='/usr/bin/mkdir -p'
OBJEXT='o'
PACKAGE='glfs-test'
PACKAGE_BUGREPORT='gluster-devel@nongu.org'
PACKAGE_NAME='glfs-test'
PACKAGE_STRING='glfs-test 0.1'
PACKAGE_TARNAME='glfs-test'
PACKAGE_URL=''
PACKAGE_VERSION='0.1'
PATH_SEPARATOR=':'
PKG_CONFIG='/usr/bin/pkg-config'
PKG_CONFIG_LIBDIR=''
PKG_CONFIG_PATH=''
SET_MAKE=''
SHELL='/bin/sh'
STRIP=''
VERSION='0.1'
ac_ct_CC='gcc'
am__EXEEXT_FALSE=''
am__EXEEXT_TRUE='#'
am__fastdepCC_FALSE='#'
am__fastdepCC_TRUE=''
am__include='include'
am__isrc=''
am__leading_dot='.'
am__nodep='_no'
am__quote=''
am__tar='$${TAR-tar} chof - "$$tardir"'
am__untar='$${TAR-tar} xf -'
bindir='${exec_prefix}/bin'
build_alias=''
datadir='${datarootdir}'
datarootdir='${prefix}/share'
docdir='${datarootdir}/doc/${PACKAGE_TARNAME}'
dvidir='${docdir}'
exec_prefix='${prefix}'
host_alias=''
htmldir='${docdir}'
includedir='${prefix}/include'
infodir='${datarootdir}/info'
install_sh='${SHELL} /root/dev/git/glusterfs-hpi/src/main/swig/api/examples/install-sh'
libdir='${exec_prefix}/lib'
libexecdir='${exec_prefix}/libexec'
localedir='${datarootdir}/locale'
localstatedir='${prefix}/var'
mandir='${datarootdir}/man'
mkdir_p='$(MKDIR_P)'
oldincludedir='/usr/include'
pdfdir='${docdir}'
prefix='/usr/local'
program_transform_name='s,x,x,'
psdir='${docdir}'
sbindir='${exec_prefix}/sbin'
sharedstatedir='${prefix}/com'
sysconfdir='${prefix}/etc'
target_alias=''

## ----------- ##
## confdefs.h. ##
## ----------- ##

/* confdefs.h */
#define PACKAGE_NAME "glfs-test"
#define PACKAGE_TARNAME "glfs-test"
#define PACKAGE_VERSION "0.1"
#define PACKAGE_STRING "glfs-test 0.1"
#define PACKAGE_BUGREPORT "gluster-devel@nongu.org"
#define PACKAGE_URL ""
#define PACKAGE "glfs-test"
#define VERSION "0.1"

configure: exit 0
